NewCustomer(1, "foo")                           # ok
NewCustomer(1, "foo")                           # already used id
GetCustomer(1)
NewCustomer(2, "bar")                           # ok
NewProduct(1, 1, "P1")                          # unknown category 
NewCategory(0, "default category")              # ok
NewProduct(1, 0, "P1")                          # ok
NewProduct(2, 0, "P1")                          # name already used in the category
NewProduct(2, 0, "P2")                          # ok
NewProduct(3, 0, "P3")                          # ok
NewOrder(1,1,[(1,10)])                          # not enough stock
GetStock [1]
NewStockDelivery [(1,20)]                       # ok
GetStock [1]
NewOrder(1,1,[(1,10)])                          # ok
GetStock [1,2,3]
NewStockDelivery [(1,20),(2,10),(3,100)]
NewOrder(1,1,[(1,1),(2,5),(3,10)])              # already used id
NewOrder(1,3,[(1,1),(2,5),(3,10)])              # unknown customer
NewOrder(2,1,[(1,1),(2,5),(3,10)])              # ok
GetStock [1,2,3] 

NewCustomer(10, "foo")                           # ok
NewCustomer(10, "foo")                           # already used id
NewCustomer(11, "foo")                           # ok
NewCustomer(11, "foo")                           # already used id


NewCategory(0, "default category")              # ok
NewProduct(1, 0, "P1")                          # ok
NewProduct(2, 0, "P2")                          # ok
NewProduct(3, 0, "P3")                          # ok

